{"/Users/dannynelson/Projects/goodeggs-test-helpers/lib/index.js":{"path":"/Users/dannynelson/Projects/goodeggs-test-helpers/lib/index.js","s":{"1":1,"2":1,"3":1,"4":23,"5":0,"6":23,"7":19,"8":1,"9":1,"10":1,"11":1,"12":1,"13":16,"14":1,"15":1,"16":1,"17":1,"18":2},"b":{"1":[0,23],"2":[23,23],"3":[0,2],"4":[2,2]},"f":{"1":23,"2":19,"3":1,"4":16,"5":1,"6":2},"fnMap":{"1":{"name":"(anonymous_1)","line":9,"loc":{"start":{"line":9,"column":28},"end":{"line":9,"column":43}}},"2":{"name":"get","line":13,"loc":{"start":{"line":13,"column":9},"end":{"line":13,"column":24}}},"3":{"name":"get","line":23,"loc":{"start":{"line":23,"column":7},"end":{"line":23,"column":22}}},"4":{"name":"get","line":32,"loc":{"start":{"line":32,"column":7},"end":{"line":32,"column":22}}},"5":{"name":"get","line":41,"loc":{"start":{"line":41,"column":7},"end":{"line":41,"column":22}}},"6":{"name":"_interopRequireDefault","line":46,"loc":{"start":{"line":46,"column":0},"end":{"line":46,"column":37}}}},"statementMap":{"1":{"start":{"line":3,"column":0},"end":{"line":5,"column":3}},"2":{"start":{"line":7,"column":0},"end":{"line":7,"column":30}},"3":{"start":{"line":9,"column":0},"end":{"line":17,"column":3}},"4":{"start":{"line":10,"column":2},"end":{"line":10,"column":56}},"5":{"start":{"line":10,"column":49},"end":{"line":10,"column":56}},"6":{"start":{"line":11,"column":2},"end":{"line":16,"column":5}},"7":{"start":{"line":14,"column":6},"end":{"line":14,"column":25}},"8":{"start":{"line":19,"column":0},"end":{"line":19,"column":30}},"9":{"start":{"line":21,"column":0},"end":{"line":26,"column":3}},"10":{"start":{"line":24,"column":4},"end":{"line":24,"column":50}},"11":{"start":{"line":28,"column":0},"end":{"line":28,"column":30}},"12":{"start":{"line":30,"column":0},"end":{"line":35,"column":3}},"13":{"start":{"line":33,"column":4},"end":{"line":33,"column":24}},"14":{"start":{"line":37,"column":0},"end":{"line":37,"column":56}},"15":{"start":{"line":39,"column":0},"end":{"line":44,"column":3}},"16":{"start":{"line":42,"column":4},"end":{"line":42,"column":62}},"17":{"start":{"line":46,"column":0},"end":{"line":46,"column":95}},"18":{"start":{"line":46,"column":39},"end":{"line":46,"column":93}}},"branchMap":{"1":{"line":10,"type":"if","locations":[{"start":{"line":10,"column":2},"end":{"line":10,"column":2}},{"start":{"line":10,"column":2},"end":{"line":10,"column":2}}]},"2":{"line":10,"type":"binary-expr","locations":[{"start":{"line":10,"column":6},"end":{"line":10,"column":23}},{"start":{"line":10,"column":27},"end":{"line":10,"column":47}}]},"3":{"line":46,"type":"cond-expr","locations":[{"start":{"line":46,"column":70},"end":{"line":46,"column":73}},{"start":{"line":46,"column":76},"end":{"line":46,"column":92}}]},"4":{"line":46,"type":"binary-expr","locations":[{"start":{"line":46,"column":46},"end":{"line":46,"column":49}},{"start":{"line":46,"column":53},"end":{"line":46,"column":67}}]}}},"/Users/dannynelson/Projects/goodeggs-test-helpers/lib/chai.js":{"path":"/Users/dannynelson/Projects/goodeggs-test-helpers/lib/chai.js","s":{"1":1,"2":1,"3":1,"4":1,"5":1,"6":1,"7":1,"8":1,"9":1,"10":1,"11":1,"12":1,"13":1,"14":1,"15":1,"16":6,"17":1,"18":1,"19":1,"20":1,"21":1,"22":1,"23":1},"b":{"1":[0,6],"2":[6,6]},"f":{"1":6},"fnMap":{"1":{"name":"_interopRequireDefault","line":32,"loc":{"start":{"line":32,"column":0},"end":{"line":32,"column":37}}}},"statementMap":{"1":{"start":{"line":3,"column":0},"end":{"line":5,"column":3}},"2":{"start":{"line":6,"column":0},"end":{"line":6,"column":27}},"3":{"start":{"line":8,"column":0},"end":{"line":8,"column":28}},"4":{"start":{"line":10,"column":0},"end":{"line":10,"column":43}},"5":{"start":{"line":12,"column":0},"end":{"line":12,"column":50}},"6":{"start":{"line":14,"column":0},"end":{"line":14,"column":63}},"7":{"start":{"line":16,"column":0},"end":{"line":16,"column":30}},"8":{"start":{"line":18,"column":0},"end":{"line":18,"column":45}},"9":{"start":{"line":20,"column":0},"end":{"line":20,"column":39}},"10":{"start":{"line":22,"column":0},"end":{"line":22,"column":53}},"11":{"start":{"line":24,"column":0},"end":{"line":24,"column":39}},"12":{"start":{"line":26,"column":0},"end":{"line":26,"column":53}},"13":{"start":{"line":28,"column":0},"end":{"line":28,"column":45}},"14":{"start":{"line":30,"column":0},"end":{"line":30,"column":59}},"15":{"start":{"line":32,"column":0},"end":{"line":32,"column":95}},"16":{"start":{"line":32,"column":39},"end":{"line":32,"column":93}},"17":{"start":{"line":34,"column":0},"end":{"line":34,"column":45}},"18":{"start":{"line":36,"column":0},"end":{"line":36,"column":40}},"19":{"start":{"line":37,"column":0},"end":{"line":37,"column":40}},"20":{"start":{"line":38,"column":0},"end":{"line":38,"column":36}},"21":{"start":{"line":39,"column":0},"end":{"line":39,"column":43}},"22":{"start":{"line":41,"column":0},"end":{"line":41,"column":35}},"23":{"start":{"line":42,"column":0},"end":{"line":42,"column":24}}},"branchMap":{"1":{"line":32,"type":"cond-expr","locations":[{"start":{"line":32,"column":70},"end":{"line":32,"column":73}},{"start":{"line":32,"column":76},"end":{"line":32,"column":92}}]},"2":{"line":32,"type":"binary-expr","locations":[{"start":{"line":32,"column":46},"end":{"line":32,"column":49}},{"start":{"line":32,"column":53},"end":{"line":32,"column":67}}]}}},"/Users/dannynelson/Projects/goodeggs-test-helpers/lib/use_sinon_sandbox.js":{"path":"/Users/dannynelson/Projects/goodeggs-test-helpers/lib/use_sinon_sandbox.js","s":{"1":1,"2":1,"3":1,"4":1,"5":1,"6":1,"7":1,"8":2,"9":1,"10":1,"11":6,"12":6,"13":6,"14":2,"15":2,"16":2,"17":6,"18":1,"19":1,"20":1,"21":1,"22":1,"23":1,"24":1,"25":1,"26":1,"27":1,"28":6,"29":6,"30":1},"b":{"1":[0,2],"2":[2,2],"3":[1,0],"4":[1,1]},"f":{"1":2,"2":1,"3":6,"4":2,"5":1,"6":6},"fnMap":{"1":{"name":"_interopRequireDefault","line":16,"loc":{"start":{"line":16,"column":0},"end":{"line":16,"column":37}}},"2":{"name":"useSinonSandbox","line":20,"loc":{"start":{"line":20,"column":0},"end":{"line":20,"column":27}}},"3":{"name":"(anonymous_3)","line":21,"loc":{"start":{"line":21,"column":34},"end":{"line":21,"column":46}}},"4":{"name":"stubTime","line":34,"loc":{"start":{"line":34,"column":20},"end":{"line":34,"column":44}}},"5":{"name":"(anonymous_5)","line":40,"loc":{"start":{"line":40,"column":22},"end":{"line":40,"column":34}}},"6":{"name":"(anonymous_6)","line":55,"loc":{"start":{"line":55,"column":37},"end":{"line":55,"column":49}}}},"statementMap":{"1":{"start":{"line":3,"column":0},"end":{"line":5,"column":3}},"2":{"start":{"line":6,"column":0},"end":{"line":6,"column":34}},"3":{"start":{"line":8,"column":0},"end":{"line":8,"column":30}},"4":{"start":{"line":10,"column":0},"end":{"line":10,"column":45}},"5":{"start":{"line":12,"column":0},"end":{"line":12,"column":32}},"6":{"start":{"line":14,"column":0},"end":{"line":14,"column":47}},"7":{"start":{"line":16,"column":0},"end":{"line":16,"column":95}},"8":{"start":{"line":16,"column":39},"end":{"line":16,"column":93}},"9":{"start":{"line":20,"column":0},"end":{"line":59,"column":1}},"10":{"start":{"line":21,"column":2},"end":{"line":53,"column":5}},"11":{"start":{"line":22,"column":4},"end":{"line":27,"column":7}},"12":{"start":{"line":29,"column":4},"end":{"line":32,"column":7}},"13":{"start":{"line":34,"column":4},"end":{"line":38,"column":6}},"14":{"start":{"line":35,"column":6},"end":{"line":35,"column":59}},"15":{"start":{"line":36,"column":6},"end":{"line":36,"column":32}},"16":{"start":{"line":37,"column":6},"end":{"line":37,"column":18}},"17":{"start":{"line":40,"column":4},"end":{"line":52,"column":17}},"18":{"start":{"line":41,"column":6},"end":{"line":42,"column":31}},"19":{"start":{"line":44,"column":6},"end":{"line":44,"column":63}},"20":{"start":{"line":45,"column":6},"end":{"line":45,"column":33}},"21":{"start":{"line":46,"column":6},"end":{"line":46,"column":33}},"22":{"start":{"line":47,"column":6},"end":{"line":47,"column":32}},"23":{"start":{"line":48,"column":6},"end":{"line":48,"column":32}},"24":{"start":{"line":49,"column":6},"end":{"line":49,"column":33}},"25":{"start":{"line":50,"column":6},"end":{"line":50,"column":33}},"26":{"start":{"line":51,"column":6},"end":{"line":51,"column":49}},"27":{"start":{"line":55,"column":2},"end":{"line":58,"column":5}},"28":{"start":{"line":56,"column":4},"end":{"line":56,"column":25}},"29":{"start":{"line":57,"column":4},"end":{"line":57,"column":25}},"30":{"start":{"line":60,"column":0},"end":{"line":60,"column":36}}},"branchMap":{"1":{"line":16,"type":"cond-expr","locations":[{"start":{"line":16,"column":70},"end":{"line":16,"column":73}},{"start":{"line":16,"column":76},"end":{"line":16,"column":92}}]},"2":{"line":16,"type":"binary-expr","locations":[{"start":{"line":16,"column":46},"end":{"line":16,"column":49}},{"start":{"line":16,"column":53},"end":{"line":16,"column":67}}]},"3":{"line":41,"type":"cond-expr","locations":[{"start":{"line":41,"column":70},"end":{"line":41,"column":82}},{"start":{"line":41,"column":85},"end":{"line":41,"column":87}}]},"4":{"line":41,"type":"binary-expr","locations":[{"start":{"line":41,"column":17},"end":{"line":41,"column":37}},{"start":{"line":41,"column":41},"end":{"line":41,"column":67}}]}}}}