TN:
SF:/Users/dannynelson/Projects/goodeggs-test-helpers/lib/index.js
FN:9,(anonymous_1)
FN:13,get
FN:23,get
FN:32,get
FN:41,get
FN:46,_interopRequireDefault
FNF:6
FNH:6
FNDA:23,(anonymous_1)
FNDA:19,get
FNDA:1,get
FNDA:16,get
FNDA:1,get
FNDA:2,_interopRequireDefault
DA:3,1
DA:7,1
DA:9,1
DA:10,23
DA:11,23
DA:14,19
DA:19,1
DA:21,1
DA:24,1
DA:28,1
DA:30,1
DA:33,16
DA:37,1
DA:39,1
DA:42,1
DA:46,2
LF:16
LH:16
BRDA:10,1,0,0
BRDA:10,1,1,23
BRDA:10,2,0,23
BRDA:10,2,1,23
BRDA:46,3,0,0
BRDA:46,3,1,2
BRDA:46,4,0,2
BRDA:46,4,1,2
BRF:8
BRH:6
end_of_record
TN:
SF:/Users/dannynelson/Projects/goodeggs-test-helpers/lib/chai.js
FN:32,_interopRequireDefault
FNF:1
FNH:1
FNDA:6,_interopRequireDefault
DA:3,1
DA:6,1
DA:8,1
DA:10,1
DA:12,1
DA:14,1
DA:16,1
DA:18,1
DA:20,1
DA:22,1
DA:24,1
DA:26,1
DA:28,1
DA:30,1
DA:32,6
DA:34,1
DA:36,1
DA:37,1
DA:38,1
DA:39,1
DA:41,1
DA:42,1
LF:22
LH:22
BRDA:32,1,0,0
BRDA:32,1,1,6
BRDA:32,2,0,6
BRDA:32,2,1,6
BRF:4
BRH:3
end_of_record
TN:
SF:/Users/dannynelson/Projects/goodeggs-test-helpers/lib/use_sinon_sandbox.js
FN:16,_interopRequireDefault
FN:20,useSinonSandbox
FN:21,(anonymous_3)
FN:34,stubTime
FN:40,(anonymous_5)
FN:55,(anonymous_6)
FNF:6
FNH:6
FNDA:2,_interopRequireDefault
FNDA:1,useSinonSandbox
FNDA:6,(anonymous_3)
FNDA:2,stubTime
FNDA:1,(anonymous_5)
FNDA:6,(anonymous_6)
DA:3,1
DA:6,1
DA:8,1
DA:10,1
DA:12,1
DA:14,1
DA:16,2
DA:20,1
DA:21,1
DA:22,6
DA:29,6
DA:34,6
DA:35,2
DA:36,2
DA:37,2
DA:40,6
DA:41,1
DA:44,1
DA:45,1
DA:46,1
DA:47,1
DA:48,1
DA:49,1
DA:50,1
DA:51,1
DA:55,1
DA:56,6
DA:57,6
DA:60,1
LF:29
LH:29
BRDA:16,1,0,0
BRDA:16,1,1,2
BRDA:16,2,0,2
BRDA:16,2,1,2
BRDA:41,3,0,1
BRDA:41,3,1,0
BRDA:41,4,0,1
BRDA:41,4,1,1
BRF:8
BRH:6
end_of_record
